<?xml version="1.0" encoding="UTF-8"?>
<!-- Generated by org.testng.reporters.JUnitReportReporter -->
<testsuite hostname="Apples-MacBook-Pro.local" failures="0" tests="2" name="Tests.LoginTestTwo" time="14.240" errors="0" timestamp="2022-05-26T13:01:49 IST" skipped="0">
  <testcase classname="Tests.LoginTestTwo" name="getURL" time="4.027"/>
  <system-out/>
  <testcase classname="Tests.LoginTestTwo" name="loginWithIncorrectEmailAndPassword" time="10.213"/>
  <system-out/>
</testsuite> <!-- Tests.LoginTestTwo -->
