<?xml version="1.0" encoding="UTF-8"?>
<!-- Generated by org.testng.reporters.JUnitReportReporter -->
<testsuite hostname="Apples-MacBook-Pro.local" failures="0" tests="1" name="Tests.LoginTwoTest" time="3.382" errors="0" timestamp="2022-05-29T21:31:03 IST" skipped="0">
  <testcase classname="Tests.LoginTwoTest" name="loginWithIncorrectEmailAndPassword" time="3.382"/>
  <system-out/>
</testsuite> <!-- Tests.LoginTwoTest -->
