<?xml version="1.0" encoding="UTF-8"?>
<!-- Generated by org.testng.reporters.JUnitReportReporter -->
<testsuite hostname="Apples-MacBook-Pro.local" failures="0" tests="2" name="Tests.LoginTestFour" time="14.675" errors="0" timestamp="2022-05-26T13:01:49 IST" skipped="0">
  <testcase classname="Tests.LoginTestFour" name="getURL" time="4.308"/>
  <system-out/>
  <testcase classname="Tests.LoginTestFour" name="loginWithMailIdAndNoPassword" time="10.367"/>
  <system-out/>
</testsuite> <!-- Tests.LoginTestFour -->
