<?xml version="1.0" encoding="UTF-8"?>
<!-- Generated by org.testng.reporters.JUnitReportReporter -->
<testsuite hostname="Apples-MacBook-Pro.local" failures="0" tests="1" name="Tests.LoginOneTest" time="6.838" errors="0" timestamp="2022-05-29T21:31:03 IST" skipped="0">
  <testcase classname="Tests.LoginOneTest" name="loginWithCorrectEmailAndPassword" time="6.838"/>
  <system-out/>
</testsuite> <!-- Tests.LoginOneTest -->
