<?xml version="1.0" encoding="UTF-8"?>
<!-- Generated by org.testng.reporters.JUnitReportReporter -->
<testsuite hostname="Apples-MacBook-Pro.local" failures="0" tests="2" name="Tests.LoginTestOne" time="15.705" errors="0" timestamp="2022-05-26T14:22:16 IST" skipped="0">
  <testcase classname="Tests.LoginTestOne" name="getURL" time="5.414"/>
  <system-out/>
  <testcase classname="Tests.LoginTestOne" name="loginWithCorrectEmailAndPassword" time="10.291"/>
  <system-out/>
</testsuite> <!-- Tests.LoginTestOne -->
