<?xml version="1.0" encoding="UTF-8"?>
<!-- Generated by org.testng.reporters.JUnitReportReporter -->
<testsuite hostname="Apples-MacBook-Pro.local" failures="0" tests="2" name="Tests.LoginTestFive" time="14.195" errors="0" timestamp="2022-05-26T13:01:49 IST" skipped="0">
  <testcase classname="Tests.LoginTestFive" name="loginWithNoMailIdAndNoPassword" time="10.131"/>
  <system-out/>
  <testcase classname="Tests.LoginTestFive" name="getURL" time="4.064"/>
  <system-out/>
</testsuite> <!-- Tests.LoginTestFive -->
