<?xml version="1.0" encoding="UTF-8"?>
<!-- Generated by org.testng.reporters.JUnitReportReporter -->
<testsuite hostname="Apples-MacBook-Pro.local" failures="0" tests="1" name="Tests.Base" time="8.957" errors="0" timestamp="2022-05-23T16:16:43 IST" skipped="0">
  <testcase classname="Tests.Base" name="initializeBrowser" time="8.957"/>
  <system-out/>
</testsuite> <!-- Tests.Base -->
