<?xml version="1.0" encoding="UTF-8"?>
<!-- Generated by org.testng.reporters.JUnitReportReporter -->
<testsuite hostname="Apples-MacBook-Pro.local" failures="0" tests="2" name="Tests.LoginTest" time="15.551" errors="0" timestamp="2022-05-24T21:01:59 IST" skipped="0">
  <testcase classname="Tests.LoginTest" name="login" time="10.204"/>
  <system-out/>
  <testcase classname="Tests.LoginTest" name="getURL" time="5.347"/>
  <system-out/>
</testsuite> <!-- Tests.LoginTest -->
