<?xml version="1.0" encoding="UTF-8"?>
<!-- Generated by org.testng.reporters.JUnitReportReporter -->
<testsuite hostname="Apples-MacBook-Pro.local" failures="0" tests="2" name="Tests.LoginTestThree" time="14.862" errors="0" timestamp="2022-05-26T13:01:49 IST" skipped="0">
  <testcase classname="Tests.LoginTestThree" name="getURL" time="3.981"/>
  <system-out/>
  <testcase classname="Tests.LoginTestThree" name="loginWithNoMailIdAndPassword" time="10.881"/>
  <system-out/>
</testsuite> <!-- Tests.LoginTestThree -->
